app/build/intermediates/manifest_merge_blame_file/debug/manifest-merger-blame-debug-report.txt
1<?xml version="1.0" encoding="utf-8"?>
2<manifest xmlns:android="http://schemas.android.com/apk/res/android"
3    package="com.tesistitulacion.noticiaslocales"
4    android:versionCode="1"
5    android:versionName="1.0" >
6
7    <uses-sdk
8        android:minSdkVersion="24"
9        android:targetSdkVersion="34" />
10
11    <!-- Permisos necesarios -->
12    <uses-permission android:name="android.permission.INTERNET" />
12-->src\main\AndroidManifest.xml:6:5-67
12-->src\main\AndroidManifest.xml:6:22-64
13    <uses-permission android:name="android.permission.ACCESS_NETWORK_STATE" />
13-->src\main\AndroidManifest.xml:7:5-79
13-->src\main\AndroidManifest.xml:7:22-76
14    <uses-permission android:name="android.permission.ACCESS_FINE_LOCATION" />
14-->src\main\AndroidManifest.xml:8:5-79
14-->src\main\AndroidManifest.xml:8:22-76
15    <uses-permission android:name="android.permission.ACCESS_COARSE_LOCATION" />
15-->src\main\AndroidManifest.xml:9:5-81
15-->src\main\AndroidManifest.xml:9:22-78
16    <uses-permission android:name="android.permission.CAMERA" />
16-->src\main\AndroidManifest.xml:10:5-65
16-->src\main\AndroidManifest.xml:10:22-62
17
18    <!-- Características opcionales -->
19    <uses-feature
19-->src\main\AndroidManifest.xml:13:5-15:36
20        android:name="android.hardware.camera"
20-->src\main\AndroidManifest.xml:14:9-47
21        android:required="false" />
21-->src\main\AndroidManifest.xml:15:9-33
22
23    <!-- OpenGL ES 2.0 requerido para Google Maps -->
24    <uses-feature
24-->src\main\AndroidManifest.xml:18:5-20:35
25        android:glEsVersion="0x00020000"
25-->src\main\AndroidManifest.xml:19:9-41
26        android:required="true" />
26-->src\main\AndroidManifest.xml:20:9-32
27
28    <!-- Para Google Maps -->
29    <queries>
29-->src\main\AndroidManifest.xml:23:5-25:15
30        <package android:name="com.google.android.apps.maps" />
30-->src\main\AndroidManifest.xml:24:9-64
30-->src\main\AndroidManifest.xml:24:18-61
31    </queries>
32
33    <permission
33-->[androidx.core:core:1.9.0] AndroidManifest.xml:22:5-24:47
34        android:name="com.tesistitulacion.noticiaslocales.DYNAMIC_RECEIVER_NOT_EXPORTED_PERMISSION"
34-->[androidx.core:core:1.9.0] AndroidManifest.xml:23:9-81
35        android:protectionLevel="signature" />
35-->[androidx.core:core:1.9.0] AndroidManifest.xml:24:9-44
36
37    <uses-permission android:name="com.tesistitulacion.noticiaslocales.DYNAMIC_RECEIVER_NOT_EXPORTED_PERMISSION" />
37-->[androidx.core:core:1.9.0] AndroidManifest.xml:26:5-97
37-->[androidx.core:core:1.9.0] AndroidManifest.xml:26:22-94
38
39    <application
39-->src\main\AndroidManifest.xml:27:5-123:19
40        android:allowBackup="true"
40-->src\main\AndroidManifest.xml:28:9-35
41        android:appComponentFactory="androidx.core.app.CoreComponentFactory"
41-->[androidx.core:core:1.9.0] AndroidManifest.xml:28:18-86
42        android:dataExtractionRules="@xml/data_extraction_rules"
42-->src\main\AndroidManifest.xml:29:9-65
43        android:debuggable="true"
44        android:extractNativeLibs="false"
45        android:fullBackupContent="@xml/backup_rules"
45-->src\main\AndroidManifest.xml:30:9-54
46        android:icon="@mipmap/ic_launcher"
46-->src\main\AndroidManifest.xml:31:9-43
47        android:label="@string/app_name"
47-->src\main\AndroidManifest.xml:32:9-41
48        android:roundIcon="@mipmap/ic_launcher_round"
48-->src\main\AndroidManifest.xml:33:9-54
49        android:supportsRtl="true"
49-->src\main\AndroidManifest.xml:34:9-35
50        android:testOnly="true"
51        android:theme="@style/Theme.NoticiasIbarra"
51-->src\main\AndroidManifest.xml:35:9-52
52        android:usesCleartextTraffic="true" >
52-->src\main\AndroidManifest.xml:36:9-44
53
54        <!-- Google Maps API Key -->
55        <meta-data
55-->src\main\AndroidManifest.xml:40:9-42:47
56            android:name="com.google.android.geo.API_KEY"
56-->src\main\AndroidManifest.xml:41:13-58
57            android:value="TU_API_KEY_AQUI" />
57-->src\main\AndroidManifest.xml:42:13-44
58
59        <!-- Splash Screen (Activity de inicio) -->
60        <activity
60-->src\main\AndroidManifest.xml:45:9-53:20
61            android:name="com.tesistitulacion.noticiaslocales.activities.SplashActivity"
61-->src\main\AndroidManifest.xml:46:13-54
62            android:exported="true"
62-->src\main\AndroidManifest.xml:47:13-36
63            android:theme="@style/Theme.NoticiasIbarra.NoActionBar" >
63-->src\main\AndroidManifest.xml:48:13-68
64            <intent-filter>
64-->src\main\AndroidManifest.xml:49:13-52:29
65                <action android:name="android.intent.action.MAIN" />
65-->src\main\AndroidManifest.xml:50:17-69
65-->src\main\AndroidManifest.xml:50:25-66
66
67                <category android:name="android.intent.category.LAUNCHER" />
67-->src\main\AndroidManifest.xml:51:17-77
67-->src\main\AndroidManifest.xml:51:27-74
68            </intent-filter>
69        </activity>
70
71        <!-- Login -->
72        <activity
72-->src\main\AndroidManifest.xml:56:9-59:71
73            android:name="com.tesistitulacion.noticiaslocales.activities.LoginActivity"
73-->src\main\AndroidManifest.xml:57:13-53
74            android:exported="false"
74-->src\main\AndroidManifest.xml:58:13-37
75            android:theme="@style/Theme.NoticiasIbarra.NoActionBar" />
75-->src\main\AndroidManifest.xml:59:13-68
76
77        <!-- Registro -->
78        <activity
78-->src\main\AndroidManifest.xml:62:9-65:71
79            android:name="com.tesistitulacion.noticiaslocales.activities.RegistroActivity"
79-->src\main\AndroidManifest.xml:63:13-56
80            android:exported="false"
80-->src\main\AndroidManifest.xml:64:13-37
81            android:theme="@style/Theme.NoticiasIbarra.NoActionBar" />
81-->src\main\AndroidManifest.xml:65:13-68
82
83        <!-- MainActivity (pantalla principal antigua) -->
84        <activity
84-->src\main\AndroidManifest.xml:68:9-71:59
85            android:name="com.tesistitulacion.noticiaslocales.activities.MainActivity"
85-->src\main\AndroidManifest.xml:69:13-52
86            android:exported="false"
86-->src\main\AndroidManifest.xml:70:13-37
87            android:theme="@style/Theme.NoticiasIbarra" />
87-->src\main\AndroidManifest.xml:71:13-56
88
89        <!-- NAVEGACIÓN PRINCIPAL (4 secciones) -->
90
91
92        <!-- Lista de Noticias -->
93        <activity
93-->src\main\AndroidManifest.xml:76:9-80:59
94            android:name="com.tesistitulacion.noticiaslocales.activities.ListaNoticiasActivity"
94-->src\main\AndroidManifest.xml:77:13-61
95            android:exported="false"
95-->src\main\AndroidManifest.xml:78:13-37
96            android:launchMode="singleTop"
96-->src\main\AndroidManifest.xml:79:13-43
97            android:theme="@style/Theme.NoticiasIbarra" />
97-->src\main\AndroidManifest.xml:80:13-56
98
99        <!-- Lista de Eventos -->
100        <activity
100-->src\main\AndroidManifest.xml:83:9-87:59
101            android:name="com.tesistitulacion.noticiaslocales.activities.ListaEventosActivity"
101-->src\main\AndroidManifest.xml:84:13-60
102            android:exported="false"
102-->src\main\AndroidManifest.xml:85:13-37
103            android:launchMode="singleTop"
103-->src\main\AndroidManifest.xml:86:13-43
104            android:theme="@style/Theme.NoticiasIbarra" />
104-->src\main\AndroidManifest.xml:87:13-56
105
106        <!-- Mapa de Noticias (con restricción a Ibarra) -->
107        <activity
107-->src\main\AndroidManifest.xml:90:9-94:59
108            android:name="com.tesistitulacion.noticiaslocales.activities.MapaActivity"
108-->src\main\AndroidManifest.xml:91:13-52
109            android:exported="false"
109-->src\main\AndroidManifest.xml:92:13-37
110            android:launchMode="singleTop"
110-->src\main\AndroidManifest.xml:93:13-43
111            android:theme="@style/Theme.NoticiasIbarra" />
111-->src\main\AndroidManifest.xml:94:13-56
112
113        <!-- Perfil de Usuario -->
114        <activity
114-->src\main\AndroidManifest.xml:97:9-101:59
115            android:name="com.tesistitulacion.noticiaslocales.activities.PerfilActivity"
115-->src\main\AndroidManifest.xml:98:13-54
116            android:exported="false"
116-->src\main\AndroidManifest.xml:99:13-37
117            android:launchMode="singleTop"
117-->src\main\AndroidManifest.xml:100:13-43
118            android:theme="@style/Theme.NoticiasIbarra" />
118-->src\main\AndroidManifest.xml:101:13-56
119
120        <!-- SECUNDARIAS -->
121
122
123        <!-- Detalle de Noticia -->
124        <activity
124-->src\main\AndroidManifest.xml:106:9-109:59
125            android:name="com.tesistitulacion.noticiaslocales.activities.DetalleNoticiaActivity"
125-->src\main\AndroidManifest.xml:107:13-62
126            android:exported="false"
126-->src\main\AndroidManifest.xml:108:13-37
127            android:theme="@style/Theme.NoticiasIbarra" />
127-->src\main\AndroidManifest.xml:109:13-56
128
129        <!-- Publicar Noticia -->
130        <activity
130-->src\main\AndroidManifest.xml:112:9-115:59
131            android:name="com.tesistitulacion.noticiaslocales.activities.PublicarNoticiaActivity"
131-->src\main\AndroidManifest.xml:113:13-63
132            android:exported="false"
132-->src\main\AndroidManifest.xml:114:13-37
133            android:theme="@style/Theme.NoticiasIbarra" />
133-->src\main\AndroidManifest.xml:115:13-56
134
135        <!-- Registrar Evento -->
136        <activity
136-->src\main\AndroidManifest.xml:118:9-121:59
137            android:name="com.tesistitulacion.noticiaslocales.activities.RegistrarEventoActivity"
137-->src\main\AndroidManifest.xml:119:13-63
138            android:exported="false"
138-->src\main\AndroidManifest.xml:120:13-37
139            android:theme="@style/Theme.NoticiasIbarra" />
139-->src\main\AndroidManifest.xml:121:13-56
140
141        <!-- Needs to be explicitly declared on P+ -->
142        <uses-library
142-->[com.google.android.gms:play-services-maps:18.2.0] AndroidManifest.xml:39:9-41:40
143            android:name="org.apache.http.legacy"
143-->[com.google.android.gms:play-services-maps:18.2.0] AndroidManifest.xml:40:13-50
144            android:required="false" />
144-->[com.google.android.gms:play-services-maps:18.2.0] AndroidManifest.xml:41:13-37
145
146        <activity
146-->[com.google.android.gms:play-services-base:18.1.0] AndroidManifest.xml:20:9-22:45
147            android:name="com.google.android.gms.common.api.GoogleApiActivity"
147-->[com.google.android.gms:play-services-base:18.1.0] AndroidManifest.xml:20:19-85
148            android:exported="false"
148-->[com.google.android.gms:play-services-base:18.1.0] AndroidManifest.xml:22:19-43
149            android:theme="@android:style/Theme.Translucent.NoTitleBar" />
149-->[com.google.android.gms:play-services-base:18.1.0] AndroidManifest.xml:21:19-78
150
151        <meta-data
151-->[com.google.android.gms:play-services-basement:18.1.0] AndroidManifest.xml:21:9-23:69
152            android:name="com.google.android.gms.version"
152-->[com.google.android.gms:play-services-basement:18.1.0] AndroidManifest.xml:22:13-58
153            android:value="@integer/google_play_services_version" />
153-->[com.google.android.gms:play-services-basement:18.1.0] AndroidManifest.xml:23:13-66
154
155        <provider
155-->[androidx.emoji2:emoji2:1.2.0] AndroidManifest.xml:24:9-32:20
156            android:name="androidx.startup.InitializationProvider"
156-->[androidx.emoji2:emoji2:1.2.0] AndroidManifest.xml:25:13-67
157            android:authorities="com.tesistitulacion.noticiaslocales.androidx-startup"
157-->[androidx.emoji2:emoji2:1.2.0] AndroidManifest.xml:26:13-68
158            android:exported="false" >
158-->[androidx.emoji2:emoji2:1.2.0] AndroidManifest.xml:27:13-37
159            <meta-data
159-->[androidx.emoji2:emoji2:1.2.0] AndroidManifest.xml:29:13-31:52
160                android:name="androidx.emoji2.text.EmojiCompatInitializer"
160-->[androidx.emoji2:emoji2:1.2.0] AndroidManifest.xml:30:17-75
161                android:value="androidx.startup" />
161-->[androidx.emoji2:emoji2:1.2.0] AndroidManifest.xml:31:17-49
162            <meta-data
162-->[androidx.lifecycle:lifecycle-process:2.6.1] AndroidManifest.xml:29:13-31:52
163                android:name="androidx.lifecycle.ProcessLifecycleInitializer"
163-->[androidx.lifecycle:lifecycle-process:2.6.1] AndroidManifest.xml:30:17-78
164                android:value="androidx.startup" />
164-->[androidx.lifecycle:lifecycle-process:2.6.1] AndroidManifest.xml:31:17-49
165            <meta-data
165-->[androidx.profileinstaller:profileinstaller:1.3.0] AndroidManifest.xml:29:13-31:52
166                android:name="androidx.profileinstaller.ProfileInstallerInitializer"
166-->[androidx.profileinstaller:profileinstaller:1.3.0] AndroidManifest.xml:30:17-85
167                android:value="androidx.startup" />
167-->[androidx.profileinstaller:profileinstaller:1.3.0] AndroidManifest.xml:31:17-49
168        </provider>
169
170        <receiver
170-->[androidx.profileinstaller:profileinstaller:1.3.0] AndroidManifest.xml:34:9-52:20
171            android:name="androidx.profileinstaller.ProfileInstallReceiver"
171-->[androidx.profileinstaller:profileinstaller:1.3.0] AndroidManifest.xml:35:13-76
172            android:directBootAware="false"
172-->[androidx.profileinstaller:profileinstaller:1.3.0] AndroidManifest.xml:36:13-44
173            android:enabled="true"
173-->[androidx.profileinstaller:profileinstaller:1.3.0] AndroidManifest.xml:37:13-35
174            android:exported="true"
174-->[androidx.profileinstaller:profileinstaller:1.3.0] AndroidManifest.xml:38:13-36
175            android:permission="android.permission.DUMP" >
175-->[androidx.profileinstaller:profileinstaller:1.3.0] AndroidManifest.xml:39:13-57
176            <intent-filter>
176-->[androidx.profileinstaller:profileinstaller:1.3.0] AndroidManifest.xml:40:13-42:29
177                <action android:name="androidx.profileinstaller.action.INSTALL_PROFILE" />
177-->[androidx.profileinstaller:profileinstaller:1.3.0] AndroidManifest.xml:41:17-91
177-->[androidx.profileinstaller:profileinstaller:1.3.0] AndroidManifest.xml:41:25-88
178            </intent-filter>
179            <intent-filter>
179-->[androidx.profileinstaller:profileinstaller:1.3.0] AndroidManifest.xml:43:13-45:29
180                <action android:name="androidx.profileinstaller.action.SKIP_FILE" />
180-->[androidx.profileinstaller:profileinstaller:1.3.0] AndroidManifest.xml:44:17-85
180-->[androidx.profileinstaller:profileinstaller:1.3.0] AndroidManifest.xml:44:25-82
181            </intent-filter>
182            <intent-filter>
182-->[androidx.profileinstaller:profileinstaller:1.3.0] AndroidManifest.xml:46:13-48:29
183                <action android:name="androidx.profileinstaller.action.SAVE_PROFILE" />
183-->[androidx.profileinstaller:profileinstaller:1.3.0] AndroidManifest.xml:47:17-88
183-->[androidx.profileinstaller:profileinstaller:1.3.0] AndroidManifest.xml:47:25-85
184            </intent-filter>
185            <intent-filter>
185-->[androidx.profileinstaller:profileinstaller:1.3.0] AndroidManifest.xml:49:13-51:29
186                <action android:name="androidx.profileinstaller.action.BENCHMARK_OPERATION" />
186-->[androidx.profileinstaller:profileinstaller:1.3.0] AndroidManifest.xml:50:17-95
186-->[androidx.profileinstaller:profileinstaller:1.3.0] AndroidManifest.xml:50:25-92
187            </intent-filter>
188        </receiver>
189    </application>
190
191</manifest>